<?xml version="1.0" encoding="UTF-8"?>
<testsuite xmlns:xsi="http://www.w3.org/2001/XMLSchema-instance" xsi:noNamespaceSchemaLocation="https://maven.apache.org/surefire/maven-surefire-plugin/xsd/surefire-test-report-3.0.xsd" version="3.0" name="com.dsc.clinicaveterinaria.PrescricaoTest" time="7.937" tests="3" errors="0" skipped="0" failures="0">
  <properties>
[...]
</properties>
  <testcase name="testPrescricaoRelacionamentoConsulta" classname="com.dsc.clinicaveterinaria.PrescricaoTest" time="0.212">
    <system-out><![CDATA[[EL Fine]: server: 2025-11-16 11:44:50.966--Thread(Thread[#3,main,5,main])--Configured server platform: org.eclipse.persistence.platform.server.NoServerPlatform
[EL Warning]: 2025-11-16 11:44:51.021--Thread(Thread[#3,main,5,main])--Java SE '24' is not fully supported yet. Report this error to the EclipseLink open source project. (There is no English translation for this message.)
[EL Fine]: 2025-11-16 11:44:51.022--Thread(Thread[#3,main,5,main])--Generating bytecode for Java SE '23'. (There is no English translation for this message.)
[EL Config]: metadata: 2025-11-16 11:44:51.165--ServerSession(1188401255)--Thread(Thread[#3,main,5,main])--The access type for the persistent class [class com.dsc.clinicaveterinaria.Prescricao] is set to [FIELD].
[EL Config]: metadata: 2025-11-16 11:44:51.202--ServerSession(1188401255)--Thread(Thread[#3,main,5,main])--The target entity (reference) class for the many to one mapping element [field consulta] is being defaulted to: class com.dsc.clinicaveterinaria.Consulta.
[EL Config]: metadata: 2025-11-16 11:44:51.203--ServerSession(1188401255)--Thread(Thread[#3,main,5,main])--The access type for the persistent class [class com.dsc.clinicaveterinaria.Animal] is set to [FIELD].
[EL Config]: metadata: 2025-11-16 11:44:51.204--ServerSession(1188401255)--Thread(Thread[#3,main,5,main])--The target entity (reference) class for the many to one mapping element [field cliente] is being defaulted to: class com.dsc.clinicaveterinaria.Cliente.
[EL Config]: metadata: 2025-11-16 11:44:51.211--ServerSession(1188401255)--Thread(Thread[#3,main,5,main])--The target entity (reference) class for the one to many mapping element [field consultas] is being defaulted to: class com.dsc.clinicaveterinaria.Consulta.
[EL Config]: metadata: 2025-11-16 11:44:51.217--ServerSession(1188401255)--Thread(Thread[#3,main,5,main])--The access type for the persistent class [class com.dsc.clinicaveterinaria.Cachorro] is set to [FIELD].
[EL Config]: metadata: 2025-11-16 11:44:51.218--ServerSession(1188401255)--Thread(Thread[#3,main,5,main])--The access type for the persistent class [class com.dsc.clinicaveterinaria.Pagamento] is set to [FIELD].
[EL Config]: metadata: 2025-11-16 11:44:51.222--ServerSession(1188401255)--Thread(Thread[#3,main,5,main])--The target entity (reference) class for the one to one mapping element [field consulta] is being defaulted to: class com.dsc.clinicaveterinaria.Consulta.
[EL Config]: metadata: 2025-11-16 11:44:51.223--ServerSession(1188401255)--Thread(Thread[#3,main,5,main])--The access type for the persistent class [class com.dsc.clinicaveterinaria.Veterinario] is set to [FIELD].
[EL Config]: metadata: 2025-11-16 11:44:51.223--ServerSession(1188401255)--Thread(Thread[#3,main,5,main])--The target entity (reference) class for the one to many mapping element [field consultas] is being defaulted to: class com.dsc.clinicaveterinaria.Consulta.
[EL Config]: metadata: 2025-11-16 11:44:51.224--ServerSession(1188401255)--Thread(Thread[#3,main,5,main])--The access type for the persistent class [class com.dsc.clinicaveterinaria.Cliente] is set to [FIELD].
[EL Config]: metadata: 2025-11-16 11:44:51.227--ServerSession(1188401255)--Thread(Thread[#3,main,5,main])--The target entity (reference) class for the one to many mapping element [field animais] is being defaulted to: class com.dsc.clinicaveterinaria.Animal.
[EL Config]: metadata: 2025-11-16 11:44:51.228--ServerSession(1188401255)--Thread(Thread[#3,main,5,main])--The access type for the persistent class [class com.dsc.clinicaveterinaria.Gato] is set to [FIELD].
[EL Config]: metadata: 2025-11-16 11:44:51.229--ServerSession(1188401255)--Thread(Thread[#3,main,5,main])--The access type for the persistent class [class com.dsc.clinicaveterinaria.Consulta] is set to [FIELD].
[EL Config]: metadata: 2025-11-16 11:44:51.229--ServerSession(1188401255)--Thread(Thread[#3,main,5,main])--The target entity (reference) class for the many to one mapping element [field veterinario] is being defaulted to: class com.dsc.clinicaveterinaria.Veterinario.
[EL Config]: metadata: 2025-11-16 11:44:51.23--ServerSession(1188401255)--Thread(Thread[#3,main,5,main])--The target entity (reference) class for the one to many mapping element [field prescricoes] is being defaulted to: class com.dsc.clinicaveterinaria.Prescricao.
[EL Config]: metadata: 2025-11-16 11:44:51.231--ServerSession(1188401255)--Thread(Thread[#3,main,5,main])--The target entity (reference) class for the many to one mapping element [field animal] is being defaulted to: class com.dsc.clinicaveterinaria.Animal.
[EL Config]: metadata: 2025-11-16 11:44:51.232--ServerSession(1188401255)--Thread(Thread[#3,main,5,main])--The target entity (reference) class for the one to one mapping element [field pagamento] is being defaulted to: class com.dsc.clinicaveterinaria.Pagamento.
[EL Config]: metadata: 2025-11-16 11:44:51.233--ServerSession(1188401255)--Thread(Thread[#3,main,5,main])--The alias name for the entity class [class com.dsc.clinicaveterinaria.Prescricao] is being defaulted to: Prescricao.
[EL Config]: metadata: 2025-11-16 11:44:51.272--ServerSession(1188401255)--Thread(Thread[#3,main,5,main])--The alias name for the entity class [class com.dsc.clinicaveterinaria.Cachorro] is being defaulted to: Cachorro.
[EL Config]: metadata: 2025-11-16 11:44:51.273--ServerSession(1188401255)--Thread(Thread[#3,main,5,main])--The alias name for the entity class [class com.dsc.clinicaveterinaria.Animal] is being defaulted to: Animal.
[EL Config]: metadata: 2025-11-16 11:44:51.284--ServerSession(1188401255)--Thread(Thread[#3,main,5,main])--The primary key column name for the inheritance class [class com.dsc.clinicaveterinaria.Cachorro] is being defaulted to: ANI_ID.
[EL Config]: metadata: 2025-11-16 11:44:51.285--ServerSession(1188401255)--Thread(Thread[#3,main,5,main])--The alias name for the entity class [class com.dsc.clinicaveterinaria.Pagamento] is being defaulted to: Pagamento.
[EL Config]: metadata: 2025-11-16 11:44:51.288--ServerSession(1188401255)--Thread(Thread[#3,main,5,main])--The alias name for the entity class [class com.dsc.clinicaveterinaria.Veterinario] is being defaulted to: Veterinario.
[EL Config]: metadata: 2025-11-16 11:44:51.291--ServerSession(1188401255)--Thread(Thread[#3,main,5,main])--The alias name for the entity class [class com.dsc.clinicaveterinaria.Cliente] is being defaulted to: Cliente.
[EL Config]: metadata: 2025-11-16 11:44:51.293--ServerSession(1188401255)--Thread(Thread[#3,main,5,main])--The alias name for the entity class [class com.dsc.clinicaveterinaria.Gato] is being defaulted to: Gato.
[EL Config]: metadata: 2025-11-16 11:44:51.294--ServerSession(1188401255)--Thread(Thread[#3,main,5,main])--The primary key column name for the inheritance class [class com.dsc.clinicaveterinaria.Gato] is being defaulted to: ANI_ID.
[EL Config]: metadata: 2025-11-16 11:44:51.295--ServerSession(1188401255)--Thread(Thread[#3,main,5,main])--The alias name for the entity class [class com.dsc.clinicaveterinaria.Consulta] is being defaulted to: Consulta.
[EL Config]: metadata: 2025-11-16 11:44:51.312--ServerSession(1188401255)--Thread(Thread[#3,main,5,main])--The primary key column name for the mapping element [field consulta] is being defaulted to: CON_ID.
[EL Config]: metadata: 2025-11-16 11:44:51.313--ServerSession(1188401255)--Thread(Thread[#3,main,5,main])--The primary key column name for the mapping element [field cliente] is being defaulted to: CLI_ID.
[EL Config]: metadata: 2025-11-16 11:44:51.314--ServerSession(1188401255)--Thread(Thread[#3,main,5,main])--The primary key column name for the mapping element [field consulta] is being defaulted to: CON_ID.
[EL Config]: metadata: 2025-11-16 11:44:51.314--ServerSession(1188401255)--Thread(Thread[#3,main,5,main])--The primary key column name for the mapping element [field veterinario] is being defaulted to: VET_ID.
[EL Config]: metadata: 2025-11-16 11:44:51.315--ServerSession(1188401255)--Thread(Thread[#3,main,5,main])--The primary key column name for the mapping element [field animal] is being defaulted to: ANI_ID.
[EL Info]: 2025-11-16 11:44:51.476--ServerSession(1188401255)--Thread(Thread[#3,main,5,main])--EclipseLink, version: Eclipse Persistence Services - 4.0.4.v202407190748-059428cdd2583c46f1f3e50d235854840a6fa9a7
[EL Fine]: connection: 2025-11-16 11:44:51.483--ServerSession(1188401255)--Connection(93054696)--Thread(Thread[#3,main,5,main])--connecting(DatabaseLogin(
	platform=>DerbyPlatform
	user name=> "root"
	datasource URL=> "jdbc:derby://localhost:1527/clinicaveterinariaDB"
))
[EL Config]: connection: 2025-11-16 11:44:51.643--ServerSession(1188401255)--Connection(1570470538)--Thread(Thread[#3,main,5,main])--Connected: jdbc:derby://localhost:1527/clinicaveterinariaDB
	User: root
	Database: Apache Derby  Version: 10.16.1.1 - (1901046)
	Driver: Apache Derby Network Client JDBC Driver  Version: 10.16.1.1 - (1901046)
[EL Fine]: connection: 2025-11-16 11:44:51.701--ServerSession(1188401255)--Thread(Thread[#3,main,5,main])--/file:/home/marcelo/Downloads/ClinicaVeterinaria/target/classes/_clinicaveterinariaDB login successful
[EL Fine]: sql: 2025-11-16 11:44:51.726--ServerSession(1188401255)--Connection(1570470538)--Thread(Thread[#3,main,5,main])--ALTER TABLE ANIMAL DROP CONSTRAINT FK_ANIMAL_CLI_ID
[EL Fine]: sql: 2025-11-16 11:44:51.968--ServerSession(1188401255)--Connection(1570470538)--Thread(Thread[#3,main,5,main])--ALTER TABLE CACHORRO DROP CONSTRAINT FK_CACHORRO_ANI_ID
[EL Fine]: sql: 2025-11-16 11:44:51.978--ServerSession(1188401255)--Connection(1570470538)--Thread(Thread[#3,main,5,main])--ALTER TABLE GATO DROP CONSTRAINT FK_GATO_ANI_ID
[EL Fine]: sql: 2025-11-16 11:44:52.001--ServerSession(1188401255)--Connection(1570470538)--Thread(Thread[#3,main,5,main])--ALTER TABLE CONSULTA DROP CONSTRAINT FK_CONSULTA_VET_ID
[EL Fine]: sql: 2025-11-16 11:44:52.1--ServerSession(1188401255)--Connection(1570470538)--Thread(Thread[#3,main,5,main])--ALTER TABLE CONSULTA DROP CONSTRAINT FK_CONSULTA_ANI_ID
[EL Fine]: sql: 2025-11-16 11:44:52.211--ServerSession(1188401255)--Connection(1570470538)--Thread(Thread[#3,main,5,main])--ALTER TABLE PRESCRICAO DROP CONSTRAINT PRESCRICAO_CON_ID
[EL Fine]: sql: 2025-11-16 11:44:52.322--ServerSession(1188401255)--Connection(1570470538)--Thread(Thread[#3,main,5,main])--ALTER TABLE PAGAMENTO DROP CONSTRAINT PAGAMENTO_CON_ID
[EL Fine]: sql: 2025-11-16 11:44:52.345--ServerSession(1188401255)--Connection(1570470538)--Thread(Thread[#3,main,5,main])--DROP TABLE CLIENTE
[EL Fine]: sql: 2025-11-16 11:44:52.643--ServerSession(1188401255)--Connection(1570470538)--Thread(Thread[#3,main,5,main])--DROP TABLE ANIMAL
[EL Fine]: sql: 2025-11-16 11:44:52.898--ServerSession(1188401255)--Connection(1570470538)--Thread(Thread[#3,main,5,main])--DROP TABLE CACHORRO
[EL Fine]: sql: 2025-11-16 11:44:53.108--ServerSession(1188401255)--Connection(1570470538)--Thread(Thread[#3,main,5,main])--DROP TABLE GATO
[EL Fine]: sql: 2025-11-16 11:44:53.307--ServerSession(1188401255)--Connection(1570470538)--Thread(Thread[#3,main,5,main])--DROP TABLE VETERINARIO
[EL Fine]: sql: 2025-11-16 11:44:53.606--ServerSession(1188401255)--Connection(1570470538)--Thread(Thread[#3,main,5,main])--DROP TABLE CONSULTA
[EL Fine]: sql: 2025-11-16 11:44:53.817--ServerSession(1188401255)--Connection(1570470538)--Thread(Thread[#3,main,5,main])--DROP TABLE PRESCRICAO
[EL Fine]: sql: 2025-11-16 11:44:54.027--ServerSession(1188401255)--Connection(1570470538)--Thread(Thread[#3,main,5,main])--DROP TABLE PAGAMENTO
[EL Fine]: sql: 2025-11-16 11:44:54.367--ServerSession(1188401255)--Connection(1570470538)--Thread(Thread[#3,main,5,main])--CREATE TABLE CLIENTE (CLI_ID BIGINT GENERATED BY DEFAULT AS IDENTITY NOT NULL, CLI_CPF VARCHAR(14) NOT NULL UNIQUE, CLI_EMAIL VARCHAR(100), CLI_ENDERECO VARCHAR(255) NOT NULL, CLI_NOME VARCHAR(100) NOT NULL, CLI_TELEFONE VARCHAR(20) NOT NULL, PRIMARY KEY (CLI_ID))
[EL Fine]: sql: 2025-11-16 11:44:54.757--ServerSession(1188401255)--Connection(1570470538)--Thread(Thread[#3,main,5,main])--CREATE TABLE ANIMAL (ANI_ID BIGINT GENERATED BY DEFAULT AS IDENTITY NOT NULL, tipo_animal VARCHAR(31), ANI_DT_NASCIMENTO DATE NOT NULL, ANI_ESPECIE VARCHAR(50) NOT NULL, ANI_NOME VARCHAR(100) NOT NULL, ANI_RACA VARCHAR(50) NOT NULL, ANI_SEXO CHAR(1) NOT NULL, CLI_ID BIGINT NOT NULL, PRIMARY KEY (ANI_ID))
[EL Fine]: sql: 2025-11-16 11:44:55.011--ServerSession(1188401255)--Connection(1570470538)--Thread(Thread[#3,main,5,main])--CREATE TABLE CACHORRO (ANI_ID BIGINT NOT NULL, PRIMARY KEY (ANI_ID))
[EL Fine]: sql: 2025-11-16 11:44:55.281--ServerSession(1188401255)--Connection(1570470538)--Thread(Thread[#3,main,5,main])--CREATE TABLE GATO (ANI_ID BIGINT NOT NULL, PRIMARY KEY (ANI_ID))
[EL Fine]: sql: 2025-11-16 11:44:55.567--ServerSession(1188401255)--Connection(1570470538)--Thread(Thread[#3,main,5,main])--CREATE TABLE VETERINARIO (VET_ID BIGINT GENERATED BY DEFAULT AS IDENTITY NOT NULL, VET_CRMV VARCHAR(15) NOT NULL UNIQUE, VET_EMAIL VARCHAR(100), VET_ESPECIALIDADE VARCHAR(50) NOT NULL, VET_NOME VARCHAR(150) NOT NULL, VET_TELEFONE VARCHAR(15), PRIMARY KEY (VET_ID))
[EL Fine]: sql: 2025-11-16 11:44:56.026--ServerSession(1188401255)--Connection(1570470538)--Thread(Thread[#3,main,5,main])--CREATE TABLE CONSULTA (CON_ID BIGINT GENERATED BY DEFAULT AS IDENTITY NOT NULL, CON_DT_CONSULTA TIMESTAMP NOT NULL, CON_DIAGNOSTICO VARCHAR(1000), CON_MOTIVO VARCHAR(255) NOT NULL, ANI_ID BIGINT NOT NULL, VET_ID BIGINT NOT NULL, PRIMARY KEY (CON_ID))
[EL Fine]: sql: 2025-11-16 11:44:56.297--ServerSession(1188401255)--Connection(1570470538)--Thread(Thread[#3,main,5,main])--CREATE TABLE PRESCRICAO (PRE_ID BIGINT GENERATED BY DEFAULT AS IDENTITY NOT NULL, PRE_DOSAGEM VARCHAR(50) NOT NULL, PRE_DURACAO VARCHAR(50) NOT NULL, PRE_FREQUENCIA VARCHAR(50) NOT NULL, PRE_MEDICAMENTO VARCHAR(100) NOT NULL, CON_ID BIGINT NOT NULL, PRIMARY KEY (PRE_ID))
[EL Fine]: sql: 2025-11-16 11:44:56.575--ServerSession(1188401255)--Connection(1570470538)--Thread(Thread[#3,main,5,main])--CREATE TABLE PAGAMENTO (PAG_ID BIGINT GENERATED BY DEFAULT AS IDENTITY NOT NULL, PAG_DT_PAGAMENTO TIMESTAMP NOT NULL, PAG_METODO VARCHAR(50) NOT NULL, PAG_VALOR_TOTAL FLOAT NOT NULL, CON_ID BIGINT NOT NULL UNIQUE, PRIMARY KEY (PAG_ID))
[EL Fine]: sql: 2025-11-16 11:44:56.974--ServerSession(1188401255)--Connection(1570470538)--Thread(Thread[#3,main,5,main])--ALTER TABLE ANIMAL ADD CONSTRAINT FK_ANIMAL_CLI_ID FOREIGN KEY (CLI_ID) REFERENCES CLIENTE (CLI_ID)
[EL Fine]: sql: 2025-11-16 11:44:57.15--ServerSession(1188401255)--Connection(1570470538)--Thread(Thread[#3,main,5,main])--ALTER TABLE CACHORRO ADD CONSTRAINT FK_CACHORRO_ANI_ID FOREIGN KEY (ANI_ID) REFERENCES ANIMAL (ANI_ID)
[EL Fine]: sql: 2025-11-16 11:44:57.173--ServerSession(1188401255)--Connection(1570470538)--Thread(Thread[#3,main,5,main])--ALTER TABLE GATO ADD CONSTRAINT FK_GATO_ANI_ID FOREIGN KEY (ANI_ID) REFERENCES ANIMAL (ANI_ID)
[EL Fine]: sql: 2025-11-16 11:44:57.195--ServerSession(1188401255)--Connection(1570470538)--Thread(Thread[#3,main,5,main])--ALTER TABLE CONSULTA ADD CONSTRAINT FK_CONSULTA_VET_ID FOREIGN KEY (VET_ID) REFERENCES VETERINARIO (VET_ID)
[EL Fine]: sql: 2025-11-16 11:44:57.383--ServerSession(1188401255)--Connection(1570470538)--Thread(Thread[#3,main,5,main])--ALTER TABLE CONSULTA ADD CONSTRAINT FK_CONSULTA_ANI_ID FOREIGN KEY (ANI_ID) REFERENCES ANIMAL (ANI_ID)
[EL Fine]: sql: 2025-11-16 11:44:57.593--ServerSession(1188401255)--Connection(1570470538)--Thread(Thread[#3,main,5,main])--ALTER TABLE PRESCRICAO ADD CONSTRAINT PRESCRICAO_CON_ID FOREIGN KEY (CON_ID) REFERENCES CONSULTA (CON_ID)
[EL Fine]: sql: 2025-11-16 11:44:57.77--ServerSession(1188401255)--Connection(1570470538)--Thread(Thread[#3,main,5,main])--ALTER TABLE PAGAMENTO ADD CONSTRAINT PAGAMENTO_CON_ID FOREIGN KEY (CON_ID) REFERENCES CONSULTA (CON_ID)
[EL Fine]: sql: 2025-11-16 11:44:58.291--ServerSession(1188401255)--Connection(1570470538)--Thread(Thread[#3,main,5,main])--SELECT PRE_ID, PRE_DOSAGEM, PRE_DURACAO, PRE_FREQUENCIA, PRE_MEDICAMENTO, CON_ID FROM PRESCRICAO WHERE (PRE_ID = ?)
	bind => [1]
[EL Fine]: sql: 2025-11-16 11:44:58.32--ServerSession(1188401255)--Connection(1570470538)--Thread(Thread[#3,main,5,main])--SELECT CON_ID, CON_DT_CONSULTA, CON_DIAGNOSTICO, CON_MOTIVO, ANI_ID, VET_ID FROM CONSULTA WHERE (CON_ID = ?)
	bind => [2]
[EL Fine]: sql: 2025-11-16 11:44:58.335--ServerSession(1188401255)--Connection(1570470538)--Thread(Thread[#3,main,5,main])--SELECT DISTINCT tipo_animal FROM ANIMAL WHERE (ANI_ID = ?)
	bind => [2]
[EL Fine]: sql: 2025-11-16 11:44:58.346--ServerSession(1188401255)--Connection(1570470538)--Thread(Thread[#3,main,5,main])--SELECT t0.ANI_ID, t0.tipo_animal, t0.ANI_DT_NASCIMENTO, t0.ANI_ESPECIE, t0.ANI_NOME, t0.ANI_RACA, t0.ANI_SEXO, t0.CLI_ID, t1.ANI_ID FROM ANIMAL t0, CACHORRO t1 WHERE ((t0.ANI_ID = ?) AND ((t1.ANI_ID = t0.ANI_ID) AND (t0.tipo_animal = ?)))
	bind => [2, CACHORRO]
[EL Fine]: sql: 2025-11-16 11:44:58.362--ServerSession(1188401255)--Connection(1570470538)--Thread(Thread[#3,main,5,main])--SELECT CLI_ID, CLI_CPF, CLI_EMAIL, CLI_ENDERECO, CLI_NOME, CLI_TELEFONE FROM CLIENTE WHERE (CLI_ID = ?)
	bind => [1]
[EL Fine]: sql: 2025-11-16 11:44:58.372--ServerSession(1188401255)--Connection(1570470538)--Thread(Thread[#3,main,5,main])--SELECT DISTINCT tipo_animal FROM ANIMAL WHERE (CLI_ID = ?)
	bind => [1]
[EL Fine]: sql: 2025-11-16 11:44:58.38--ServerSession(1188401255)--Connection(1570470538)--Thread(Thread[#3,main,5,main])--SELECT t0.ANI_ID, t0.tipo_animal, t0.ANI_DT_NASCIMENTO, t0.ANI_ESPECIE, t0.ANI_NOME, t0.ANI_RACA, t0.ANI_SEXO, t0.CLI_ID, t1.ANI_ID FROM ANIMAL t0, CACHORRO t1 WHERE ((t0.CLI_ID = ?) AND ((t1.ANI_ID = t0.ANI_ID) AND (t0.tipo_animal = ?)))
	bind => [1, CACHORRO]
[EL Fine]: sql: 2025-11-16 11:44:58.391--ServerSession(1188401255)--Connection(1570470538)--Thread(Thread[#3,main,5,main])--SELECT t0.ANI_ID, t0.tipo_animal, t0.ANI_DT_NASCIMENTO, t0.ANI_ESPECIE, t0.ANI_NOME, t0.ANI_RACA, t0.ANI_SEXO, t0.CLI_ID, t1.ANI_ID FROM ANIMAL t0, GATO t1 WHERE ((t0.CLI_ID = ?) AND ((t1.ANI_ID = t0.ANI_ID) AND (t0.tipo_animal = ?)))
	bind => [1, GATO]
[EL Fine]: sql: 2025-11-16 11:44:58.406--ServerSession(1188401255)--Connection(1570470538)--Thread(Thread[#3,main,5,main])--SELECT VET_ID, VET_CRMV, VET_EMAIL, VET_ESPECIALIDADE, VET_NOME, VET_TELEFONE FROM VETERINARIO WHERE (VET_ID = ?)
	bind => [1]
[EL Fine]: sql: 2025-11-16 11:44:58.414--ServerSession(1188401255)--Connection(1570470538)--Thread(Thread[#3,main,5,main])--SELECT PAG_ID, PAG_DT_PAGAMENTO, PAG_METODO, PAG_VALOR_TOTAL, CON_ID FROM PAGAMENTO WHERE (CON_ID = ?)
	bind => [2]
]]></system-out>
    <system-err><![CDATA[SLF4J: Failed to load class "org.slf4j.impl.StaticLoggerBinder".
SLF4J: Defaulting to no-operation (NOP) logger implementation
SLF4J: See http://www.slf4j.org/codes.html#StaticLoggerBinder for further details.
]]></system-err>
  </testcase>
  <testcase name="testConsultarPrescricaoPorId" classname="com.dsc.clinicaveterinaria.PrescricaoTest" time="0.007"/>
  <testcase name="testPrescricoesPorConsulta" classname="com.dsc.clinicaveterinaria.PrescricaoTest" time="0.024">
    <system-out><![CDATA[[EL Fine]: sql: 2025-11-16 11:44:58.483--ServerSession(1188401255)--Connection(1570470538)--Thread(Thread[#3,main,5,main])--SELECT PRE_ID, PRE_DOSAGEM, PRE_DURACAO, PRE_FREQUENCIA, PRE_MEDICAMENTO, CON_ID FROM PRESCRICAO WHERE (CON_ID = ?)
	bind => [2]
]]></system-out>
  </testcase>
</testsuite>