<?xml version="1.0" encoding="UTF-8"?>
<testsuite xmlns:xsi="http://www.w3.org/2001/XMLSchema-instance" xsi:noNamespaceSchemaLocation="https://maven.apache.org/surefire/maven-surefire-plugin/xsd/surefire-test-report-3.0.xsd" version="3.0" name="com.dsc.clinicaveterinaria.ClienteTest" time="8.524" tests="2" errors="0" skipped="0" failures="0">
  <properties>
[...]
</properties>
  <testcase name="testPersistirCliente" classname="com.dsc.clinicaveterinaria.ClienteTest" time="0.164">
    <system-out><![CDATA[[EL Fine]: server: 2025-11-16 11:43:08.899--Thread(Thread[#3,main,5,main])--Configured server platform: org.eclipse.persistence.platform.server.NoServerPlatform
[EL Warning]: 2025-11-16 11:43:08.955--Thread(Thread[#3,main,5,main])--Java SE '24' is not fully supported yet. Report this error to the EclipseLink open source project. (There is no English translation for this message.)
[EL Fine]: 2025-11-16 11:43:08.956--Thread(Thread[#3,main,5,main])--Generating bytecode for Java SE '23'. (There is no English translation for this message.)
[EL Config]: metadata: 2025-11-16 11:43:09.11--ServerSession(530486389)--Thread(Thread[#3,main,5,main])--The access type for the persistent class [class com.dsc.clinicaveterinaria.Prescricao] is set to [FIELD].
[EL Config]: metadata: 2025-11-16 11:43:09.15--ServerSession(530486389)--Thread(Thread[#3,main,5,main])--The target entity (reference) class for the many to one mapping element [field consulta] is being defaulted to: class com.dsc.clinicaveterinaria.Consulta.
[EL Config]: metadata: 2025-11-16 11:43:09.151--ServerSession(530486389)--Thread(Thread[#3,main,5,main])--The access type for the persistent class [class com.dsc.clinicaveterinaria.Animal] is set to [FIELD].
[EL Config]: metadata: 2025-11-16 11:43:09.152--ServerSession(530486389)--Thread(Thread[#3,main,5,main])--The target entity (reference) class for the many to one mapping element [field cliente] is being defaulted to: class com.dsc.clinicaveterinaria.Cliente.
[EL Config]: metadata: 2025-11-16 11:43:09.159--ServerSession(530486389)--Thread(Thread[#3,main,5,main])--The target entity (reference) class for the one to many mapping element [field consultas] is being defaulted to: class com.dsc.clinicaveterinaria.Consulta.
[EL Config]: metadata: 2025-11-16 11:43:09.166--ServerSession(530486389)--Thread(Thread[#3,main,5,main])--The access type for the persistent class [class com.dsc.clinicaveterinaria.Cachorro] is set to [FIELD].
[EL Config]: metadata: 2025-11-16 11:43:09.166--ServerSession(530486389)--Thread(Thread[#3,main,5,main])--The access type for the persistent class [class com.dsc.clinicaveterinaria.Pagamento] is set to [FIELD].
[EL Config]: metadata: 2025-11-16 11:43:09.171--ServerSession(530486389)--Thread(Thread[#3,main,5,main])--The target entity (reference) class for the one to one mapping element [field consulta] is being defaulted to: class com.dsc.clinicaveterinaria.Consulta.
[EL Config]: metadata: 2025-11-16 11:43:09.171--ServerSession(530486389)--Thread(Thread[#3,main,5,main])--The access type for the persistent class [class com.dsc.clinicaveterinaria.Veterinario] is set to [FIELD].
[EL Config]: metadata: 2025-11-16 11:43:09.172--ServerSession(530486389)--Thread(Thread[#3,main,5,main])--The target entity (reference) class for the one to many mapping element [field consultas] is being defaulted to: class com.dsc.clinicaveterinaria.Consulta.
[EL Config]: metadata: 2025-11-16 11:43:09.174--ServerSession(530486389)--Thread(Thread[#3,main,5,main])--The access type for the persistent class [class com.dsc.clinicaveterinaria.Cliente] is set to [FIELD].
[EL Config]: metadata: 2025-11-16 11:43:09.175--ServerSession(530486389)--Thread(Thread[#3,main,5,main])--The target entity (reference) class for the one to many mapping element [field animais] is being defaulted to: class com.dsc.clinicaveterinaria.Animal.
[EL Config]: metadata: 2025-11-16 11:43:09.176--ServerSession(530486389)--Thread(Thread[#3,main,5,main])--The access type for the persistent class [class com.dsc.clinicaveterinaria.Gato] is set to [FIELD].
[EL Config]: metadata: 2025-11-16 11:43:09.176--ServerSession(530486389)--Thread(Thread[#3,main,5,main])--The access type for the persistent class [class com.dsc.clinicaveterinaria.Consulta] is set to [FIELD].
[EL Config]: metadata: 2025-11-16 11:43:09.177--ServerSession(530486389)--Thread(Thread[#3,main,5,main])--The target entity (reference) class for the many to one mapping element [field veterinario] is being defaulted to: class com.dsc.clinicaveterinaria.Veterinario.
[EL Config]: metadata: 2025-11-16 11:43:09.178--ServerSession(530486389)--Thread(Thread[#3,main,5,main])--The target entity (reference) class for the one to many mapping element [field prescricoes] is being defaulted to: class com.dsc.clinicaveterinaria.Prescricao.
[EL Config]: metadata: 2025-11-16 11:43:09.179--ServerSession(530486389)--Thread(Thread[#3,main,5,main])--The target entity (reference) class for the many to one mapping element [field animal] is being defaulted to: class com.dsc.clinicaveterinaria.Animal.
[EL Config]: metadata: 2025-11-16 11:43:09.18--ServerSession(530486389)--Thread(Thread[#3,main,5,main])--The target entity (reference) class for the one to one mapping element [field pagamento] is being defaulted to: class com.dsc.clinicaveterinaria.Pagamento.
[EL Config]: metadata: 2025-11-16 11:43:09.18--ServerSession(530486389)--Thread(Thread[#3,main,5,main])--The alias name for the entity class [class com.dsc.clinicaveterinaria.Prescricao] is being defaulted to: Prescricao.
[EL Config]: metadata: 2025-11-16 11:43:09.211--ServerSession(530486389)--Thread(Thread[#3,main,5,main])--The alias name for the entity class [class com.dsc.clinicaveterinaria.Cachorro] is being defaulted to: Cachorro.
[EL Config]: metadata: 2025-11-16 11:43:09.211--ServerSession(530486389)--Thread(Thread[#3,main,5,main])--The alias name for the entity class [class com.dsc.clinicaveterinaria.Animal] is being defaulted to: Animal.
[EL Config]: metadata: 2025-11-16 11:43:09.224--ServerSession(530486389)--Thread(Thread[#3,main,5,main])--The primary key column name for the inheritance class [class com.dsc.clinicaveterinaria.Cachorro] is being defaulted to: ANI_ID.
[EL Config]: metadata: 2025-11-16 11:43:09.225--ServerSession(530486389)--Thread(Thread[#3,main,5,main])--The alias name for the entity class [class com.dsc.clinicaveterinaria.Pagamento] is being defaulted to: Pagamento.
[EL Config]: metadata: 2025-11-16 11:43:09.229--ServerSession(530486389)--Thread(Thread[#3,main,5,main])--The alias name for the entity class [class com.dsc.clinicaveterinaria.Veterinario] is being defaulted to: Veterinario.
[EL Config]: metadata: 2025-11-16 11:43:09.23--ServerSession(530486389)--Thread(Thread[#3,main,5,main])--The alias name for the entity class [class com.dsc.clinicaveterinaria.Cliente] is being defaulted to: Cliente.
[EL Config]: metadata: 2025-11-16 11:43:09.234--ServerSession(530486389)--Thread(Thread[#3,main,5,main])--The alias name for the entity class [class com.dsc.clinicaveterinaria.Gato] is being defaulted to: Gato.
[EL Config]: metadata: 2025-11-16 11:43:09.235--ServerSession(530486389)--Thread(Thread[#3,main,5,main])--The primary key column name for the inheritance class [class com.dsc.clinicaveterinaria.Gato] is being defaulted to: ANI_ID.
[EL Config]: metadata: 2025-11-16 11:43:09.236--ServerSession(530486389)--Thread(Thread[#3,main,5,main])--The alias name for the entity class [class com.dsc.clinicaveterinaria.Consulta] is being defaulted to: Consulta.
[EL Config]: metadata: 2025-11-16 11:43:09.251--ServerSession(530486389)--Thread(Thread[#3,main,5,main])--The primary key column name for the mapping element [field consulta] is being defaulted to: CON_ID.
[EL Config]: metadata: 2025-11-16 11:43:09.252--ServerSession(530486389)--Thread(Thread[#3,main,5,main])--The primary key column name for the mapping element [field cliente] is being defaulted to: CLI_ID.
[EL Config]: metadata: 2025-11-16 11:43:09.253--ServerSession(530486389)--Thread(Thread[#3,main,5,main])--The primary key column name for the mapping element [field consulta] is being defaulted to: CON_ID.
[EL Config]: metadata: 2025-11-16 11:43:09.253--ServerSession(530486389)--Thread(Thread[#3,main,5,main])--The primary key column name for the mapping element [field veterinario] is being defaulted to: VET_ID.
[EL Config]: metadata: 2025-11-16 11:43:09.254--ServerSession(530486389)--Thread(Thread[#3,main,5,main])--The primary key column name for the mapping element [field animal] is being defaulted to: ANI_ID.
[EL Info]: 2025-11-16 11:43:09.424--ServerSession(530486389)--Thread(Thread[#3,main,5,main])--EclipseLink, version: Eclipse Persistence Services - 4.0.4.v202407190748-059428cdd2583c46f1f3e50d235854840a6fa9a7
[EL Fine]: connection: 2025-11-16 11:43:09.431--ServerSession(530486389)--Connection(1997548433)--Thread(Thread[#3,main,5,main])--connecting(DatabaseLogin(
	platform=>DerbyPlatform
	user name=> "root"
	datasource URL=> "jdbc:derby://localhost:1527/clinicaveterinariaDB"
))
[EL Config]: connection: 2025-11-16 11:43:09.588--ServerSession(530486389)--Connection(1849015357)--Thread(Thread[#3,main,5,main])--Connected: jdbc:derby://localhost:1527/clinicaveterinariaDB
	User: root
	Database: Apache Derby  Version: 10.16.1.1 - (1901046)
	Driver: Apache Derby Network Client JDBC Driver  Version: 10.16.1.1 - (1901046)
[EL Fine]: connection: 2025-11-16 11:43:09.643--ServerSession(530486389)--Thread(Thread[#3,main,5,main])--/file:/home/marcelo/Downloads/ClinicaVeterinaria/target/classes/_clinicaveterinariaDB login successful
[EL Fine]: sql: 2025-11-16 11:43:09.666--ServerSession(530486389)--Connection(1849015357)--Thread(Thread[#3,main,5,main])--ALTER TABLE ANIMAL DROP CONSTRAINT FK_ANIMAL_CLI_ID
[EL Fine]: sql: 2025-11-16 11:43:09.869--ServerSession(530486389)--Connection(1849015357)--Thread(Thread[#3,main,5,main])--ALTER TABLE CACHORRO DROP CONSTRAINT FK_CACHORRO_ANI_ID
[EL Fine]: sql: 2025-11-16 11:43:09.89--ServerSession(530486389)--Connection(1849015357)--Thread(Thread[#3,main,5,main])--ALTER TABLE GATO DROP CONSTRAINT FK_GATO_ANI_ID
[EL Fine]: sql: 2025-11-16 11:43:09.912--ServerSession(530486389)--Connection(1849015357)--Thread(Thread[#3,main,5,main])--ALTER TABLE CONSULTA DROP CONSTRAINT FK_CONSULTA_VET_ID
[EL Fine]: sql: 2025-11-16 11:43:10.023--ServerSession(530486389)--Connection(1849015357)--Thread(Thread[#3,main,5,main])--ALTER TABLE CONSULTA DROP CONSTRAINT FK_CONSULTA_ANI_ID
[EL Fine]: sql: 2025-11-16 11:43:10.133--ServerSession(530486389)--Connection(1849015357)--Thread(Thread[#3,main,5,main])--ALTER TABLE PRESCRICAO DROP CONSTRAINT PRESCRICAO_CON_ID
[EL Fine]: sql: 2025-11-16 11:43:10.244--ServerSession(530486389)--Connection(1849015357)--Thread(Thread[#3,main,5,main])--ALTER TABLE PAGAMENTO DROP CONSTRAINT PAGAMENTO_CON_ID
[EL Fine]: sql: 2025-11-16 11:43:10.267--ServerSession(530486389)--Connection(1849015357)--Thread(Thread[#3,main,5,main])--DROP TABLE CLIENTE
[EL Fine]: sql: 2025-11-16 11:43:10.599--ServerSession(530486389)--Connection(1849015357)--Thread(Thread[#3,main,5,main])--DROP TABLE ANIMAL
[EL Fine]: sql: 2025-11-16 11:43:10.798--ServerSession(530486389)--Connection(1849015357)--Thread(Thread[#3,main,5,main])--DROP TABLE CACHORRO
[EL Fine]: sql: 2025-11-16 11:43:11.019--ServerSession(530486389)--Connection(1849015357)--Thread(Thread[#3,main,5,main])--DROP TABLE GATO
[EL Fine]: sql: 2025-11-16 11:43:11.23--ServerSession(530486389)--Connection(1849015357)--Thread(Thread[#3,main,5,main])--DROP TABLE VETERINARIO
[EL Fine]: sql: 2025-11-16 11:43:11.517--ServerSession(530486389)--Connection(1849015357)--Thread(Thread[#3,main,5,main])--DROP TABLE CONSULTA
[EL Fine]: sql: 2025-11-16 11:43:11.717--ServerSession(530486389)--Connection(1849015357)--Thread(Thread[#3,main,5,main])--DROP TABLE PRESCRICAO
[EL Fine]: sql: 2025-11-16 11:43:11.927--ServerSession(530486389)--Connection(1849015357)--Thread(Thread[#3,main,5,main])--DROP TABLE PAGAMENTO
[EL Fine]: sql: 2025-11-16 11:43:12.3--ServerSession(530486389)--Connection(1849015357)--Thread(Thread[#3,main,5,main])--CREATE TABLE CLIENTE (CLI_ID BIGINT GENERATED BY DEFAULT AS IDENTITY NOT NULL, CLI_CPF VARCHAR(14) NOT NULL UNIQUE, CLI_EMAIL VARCHAR(100), CLI_ENDERECO VARCHAR(255) NOT NULL, CLI_NOME VARCHAR(100) NOT NULL, CLI_TELEFONE VARCHAR(20) NOT NULL, PRIMARY KEY (CLI_ID))
[EL Fine]: sql: 2025-11-16 11:43:12.751--ServerSession(530486389)--Connection(1849015357)--Thread(Thread[#3,main,5,main])--CREATE TABLE ANIMAL (ANI_ID BIGINT GENERATED BY DEFAULT AS IDENTITY NOT NULL, tipo_animal VARCHAR(31), ANI_DT_NASCIMENTO DATE NOT NULL, ANI_ESPECIE VARCHAR(50) NOT NULL, ANI_NOME VARCHAR(100) NOT NULL, ANI_RACA VARCHAR(50) NOT NULL, ANI_SEXO CHAR(1) NOT NULL, CLI_ID BIGINT NOT NULL, PRIMARY KEY (ANI_ID))
[EL Fine]: sql: 2025-11-16 11:43:13.035--ServerSession(530486389)--Connection(1849015357)--Thread(Thread[#3,main,5,main])--CREATE TABLE CACHORRO (ANI_ID BIGINT NOT NULL, PRIMARY KEY (ANI_ID))
[EL Fine]: sql: 2025-11-16 11:43:13.327--ServerSession(530486389)--Connection(1849015357)--Thread(Thread[#3,main,5,main])--CREATE TABLE GATO (ANI_ID BIGINT NOT NULL, PRIMARY KEY (ANI_ID))
[EL Fine]: sql: 2025-11-16 11:43:13.602--ServerSession(530486389)--Connection(1849015357)--Thread(Thread[#3,main,5,main])--CREATE TABLE VETERINARIO (VET_ID BIGINT GENERATED BY DEFAULT AS IDENTITY NOT NULL, VET_CRMV VARCHAR(15) NOT NULL UNIQUE, VET_EMAIL VARCHAR(100), VET_ESPECIALIDADE VARCHAR(50) NOT NULL, VET_NOME VARCHAR(150) NOT NULL, VET_TELEFONE VARCHAR(15), PRIMARY KEY (VET_ID))
[EL Fine]: sql: 2025-11-16 11:43:14.055--ServerSession(530486389)--Connection(1849015357)--Thread(Thread[#3,main,5,main])--CREATE TABLE CONSULTA (CON_ID BIGINT GENERATED BY DEFAULT AS IDENTITY NOT NULL, CON_DT_CONSULTA TIMESTAMP NOT NULL, CON_DIAGNOSTICO VARCHAR(1000), CON_MOTIVO VARCHAR(255) NOT NULL, ANI_ID BIGINT NOT NULL, VET_ID BIGINT NOT NULL, PRIMARY KEY (CON_ID))
[EL Fine]: sql: 2025-11-16 11:43:14.365--ServerSession(530486389)--Connection(1849015357)--Thread(Thread[#3,main,5,main])--CREATE TABLE PRESCRICAO (PRE_ID BIGINT GENERATED BY DEFAULT AS IDENTITY NOT NULL, PRE_DOSAGEM VARCHAR(50) NOT NULL, PRE_DURACAO VARCHAR(50) NOT NULL, PRE_FREQUENCIA VARCHAR(50) NOT NULL, PRE_MEDICAMENTO VARCHAR(100) NOT NULL, CON_ID BIGINT NOT NULL, PRIMARY KEY (PRE_ID))
[EL Fine]: sql: 2025-11-16 11:43:14.643--ServerSession(530486389)--Connection(1849015357)--Thread(Thread[#3,main,5,main])--CREATE TABLE PAGAMENTO (PAG_ID BIGINT GENERATED BY DEFAULT AS IDENTITY NOT NULL, PAG_DT_PAGAMENTO TIMESTAMP NOT NULL, PAG_METODO VARCHAR(50) NOT NULL, PAG_VALOR_TOTAL FLOAT NOT NULL, CON_ID BIGINT NOT NULL UNIQUE, PRIMARY KEY (PAG_ID))
[EL Fine]: sql: 2025-11-16 11:43:15.073--ServerSession(530486389)--Connection(1849015357)--Thread(Thread[#3,main,5,main])--ALTER TABLE ANIMAL ADD CONSTRAINT FK_ANIMAL_CLI_ID FOREIGN KEY (CLI_ID) REFERENCES CLIENTE (CLI_ID)
[EL Fine]: sql: 2025-11-16 11:43:15.283--ServerSession(530486389)--Connection(1849015357)--Thread(Thread[#3,main,5,main])--ALTER TABLE CACHORRO ADD CONSTRAINT FK_CACHORRO_ANI_ID FOREIGN KEY (ANI_ID) REFERENCES ANIMAL (ANI_ID)
[EL Fine]: sql: 2025-11-16 11:43:15.316--ServerSession(530486389)--Connection(1849015357)--Thread(Thread[#3,main,5,main])--ALTER TABLE GATO ADD CONSTRAINT FK_GATO_ANI_ID FOREIGN KEY (ANI_ID) REFERENCES ANIMAL (ANI_ID)
[EL Fine]: sql: 2025-11-16 11:43:15.338--ServerSession(530486389)--Connection(1849015357)--Thread(Thread[#3,main,5,main])--ALTER TABLE CONSULTA ADD CONSTRAINT FK_CONSULTA_VET_ID FOREIGN KEY (VET_ID) REFERENCES VETERINARIO (VET_ID)
[EL Fine]: sql: 2025-11-16 11:43:15.526--ServerSession(530486389)--Connection(1849015357)--Thread(Thread[#3,main,5,main])--ALTER TABLE CONSULTA ADD CONSTRAINT FK_CONSULTA_ANI_ID FOREIGN KEY (ANI_ID) REFERENCES ANIMAL (ANI_ID)
[EL Fine]: sql: 2025-11-16 11:43:15.737--ServerSession(530486389)--Connection(1849015357)--Thread(Thread[#3,main,5,main])--ALTER TABLE PRESCRICAO ADD CONSTRAINT PRESCRICAO_CON_ID FOREIGN KEY (CON_ID) REFERENCES CONSULTA (CON_ID)
[EL Fine]: sql: 2025-11-16 11:43:15.914--ServerSession(530486389)--Connection(1849015357)--Thread(Thread[#3,main,5,main])--ALTER TABLE PAGAMENTO ADD CONSTRAINT PAGAMENTO_CON_ID FOREIGN KEY (CON_ID) REFERENCES CONSULTA (CON_ID)
[EL Fine]: sql: 2025-11-16 11:43:16.739--ClientSession(479734028)--Connection(1849015357)--Thread(Thread[#3,main,5,main])--INSERT INTO CLIENTE (CLI_CPF, CLI_EMAIL, CLI_ENDERECO, CLI_NOME, CLI_TELEFONE) VALUES (?, ?, ?, ?, ?)
	bind => [054.218.290-49, teste@mail.com, Rua de Teste, 123, Novo Cliente Teste, 123456789]
]]></system-out>
    <system-err><![CDATA[SLF4J: Failed to load class "org.slf4j.impl.StaticLoggerBinder".
SLF4J: Defaulting to no-operation (NOP) logger implementation
SLF4J: See http://www.slf4j.org/codes.html#StaticLoggerBinder for further details.
]]></system-err>
  </testcase>
  <testcase name="testConsultarClientePorId" classname="com.dsc.clinicaveterinaria.ClienteTest" time="0.129">
    <system-out><![CDATA[[EL Fine]: sql: 2025-11-16 11:43:16.894--ServerSession(530486389)--Connection(1849015357)--Thread(Thread[#3,main,5,main])--SELECT CLI_ID, CLI_CPF, CLI_EMAIL, CLI_ENDERECO, CLI_NOME, CLI_TELEFONE FROM CLIENTE WHERE (CLI_ID = ?)
	bind => [1]
[EL Fine]: sql: 2025-11-16 11:43:16.917--ServerSession(530486389)--Connection(1849015357)--Thread(Thread[#3,main,5,main])--SELECT DISTINCT tipo_animal FROM ANIMAL WHERE (CLI_ID = ?)
	bind => [1]
[EL Fine]: sql: 2025-11-16 11:43:16.931--ServerSession(530486389)--Connection(1849015357)--Thread(Thread[#3,main,5,main])--SELECT t0.ANI_ID, t0.tipo_animal, t0.ANI_DT_NASCIMENTO, t0.ANI_ESPECIE, t0.ANI_NOME, t0.ANI_RACA, t0.ANI_SEXO, t0.CLI_ID, t1.ANI_ID FROM ANIMAL t0, CACHORRO t1 WHERE ((t0.CLI_ID = ?) AND ((t1.ANI_ID = t0.ANI_ID) AND (t0.tipo_animal = ?)))
	bind => [1, CACHORRO]
[EL Fine]: sql: 2025-11-16 11:43:16.953--ServerSession(530486389)--Connection(1849015357)--Thread(Thread[#3,main,5,main])--SELECT t0.ANI_ID, t0.tipo_animal, t0.ANI_DT_NASCIMENTO, t0.ANI_ESPECIE, t0.ANI_NOME, t0.ANI_RACA, t0.ANI_SEXO, t0.CLI_ID, t1.ANI_ID FROM ANIMAL t0, GATO t1 WHERE ((t0.CLI_ID = ?) AND ((t1.ANI_ID = t0.ANI_ID) AND (t0.tipo_animal = ?)))
	bind => [1, GATO]
]]></system-out>
  </testcase>
</testsuite>