<?xml version="1.0" encoding="UTF-8"?>
<testsuite xmlns:xsi="http://www.w3.org/2001/XMLSchema-instance" xsi:noNamespaceSchemaLocation="https://maven.apache.org/surefire/maven-surefire-plugin/xsd/surefire-test-report-3.0.xsd" version="3.0" name="com.dsc.clinicaveterinaria.PagamentoTest" time="7.988" tests="3" errors="0" skipped="0" failures="0">
  <properties>
[...]
</properties>
  <testcase name="testConsultarPagamentoPorId" classname="com.dsc.clinicaveterinaria.PagamentoTest" time="0.222">
    <system-out><![CDATA[[EL Fine]: server: 2025-11-16 11:44:32.639--Thread(Thread[#3,main,5,main])--Configured server platform: org.eclipse.persistence.platform.server.NoServerPlatform
[EL Warning]: 2025-11-16 11:44:32.694--Thread(Thread[#3,main,5,main])--Java SE '24' is not fully supported yet. Report this error to the EclipseLink open source project. (There is no English translation for this message.)
[EL Fine]: 2025-11-16 11:44:32.695--Thread(Thread[#3,main,5,main])--Generating bytecode for Java SE '23'. (There is no English translation for this message.)
[EL Config]: metadata: 2025-11-16 11:44:32.863--ServerSession(1188401255)--Thread(Thread[#3,main,5,main])--The access type for the persistent class [class com.dsc.clinicaveterinaria.Prescricao] is set to [FIELD].
[EL Config]: metadata: 2025-11-16 11:44:32.899--ServerSession(1188401255)--Thread(Thread[#3,main,5,main])--The target entity (reference) class for the many to one mapping element [field consulta] is being defaulted to: class com.dsc.clinicaveterinaria.Consulta.
[EL Config]: metadata: 2025-11-16 11:44:32.899--ServerSession(1188401255)--Thread(Thread[#3,main,5,main])--The access type for the persistent class [class com.dsc.clinicaveterinaria.Animal] is set to [FIELD].
[EL Config]: metadata: 2025-11-16 11:44:32.9--ServerSession(1188401255)--Thread(Thread[#3,main,5,main])--The target entity (reference) class for the many to one mapping element [field cliente] is being defaulted to: class com.dsc.clinicaveterinaria.Cliente.
[EL Config]: metadata: 2025-11-16 11:44:32.91--ServerSession(1188401255)--Thread(Thread[#3,main,5,main])--The target entity (reference) class for the one to many mapping element [field consultas] is being defaulted to: class com.dsc.clinicaveterinaria.Consulta.
[EL Config]: metadata: 2025-11-16 11:44:32.917--ServerSession(1188401255)--Thread(Thread[#3,main,5,main])--The access type for the persistent class [class com.dsc.clinicaveterinaria.Cachorro] is set to [FIELD].
[EL Config]: metadata: 2025-11-16 11:44:32.918--ServerSession(1188401255)--Thread(Thread[#3,main,5,main])--The access type for the persistent class [class com.dsc.clinicaveterinaria.Pagamento] is set to [FIELD].
[EL Config]: metadata: 2025-11-16 11:44:32.923--ServerSession(1188401255)--Thread(Thread[#3,main,5,main])--The target entity (reference) class for the one to one mapping element [field consulta] is being defaulted to: class com.dsc.clinicaveterinaria.Consulta.
[EL Config]: metadata: 2025-11-16 11:44:32.924--ServerSession(1188401255)--Thread(Thread[#3,main,5,main])--The access type for the persistent class [class com.dsc.clinicaveterinaria.Veterinario] is set to [FIELD].
[EL Config]: metadata: 2025-11-16 11:44:32.925--ServerSession(1188401255)--Thread(Thread[#3,main,5,main])--The target entity (reference) class for the one to many mapping element [field consultas] is being defaulted to: class com.dsc.clinicaveterinaria.Consulta.
[EL Config]: metadata: 2025-11-16 11:44:32.926--ServerSession(1188401255)--Thread(Thread[#3,main,5,main])--The access type for the persistent class [class com.dsc.clinicaveterinaria.Cliente] is set to [FIELD].
[EL Config]: metadata: 2025-11-16 11:44:32.926--ServerSession(1188401255)--Thread(Thread[#3,main,5,main])--The target entity (reference) class for the one to many mapping element [field animais] is being defaulted to: class com.dsc.clinicaveterinaria.Animal.
[EL Config]: metadata: 2025-11-16 11:44:32.927--ServerSession(1188401255)--Thread(Thread[#3,main,5,main])--The access type for the persistent class [class com.dsc.clinicaveterinaria.Gato] is set to [FIELD].
[EL Config]: metadata: 2025-11-16 11:44:32.928--ServerSession(1188401255)--Thread(Thread[#3,main,5,main])--The access type for the persistent class [class com.dsc.clinicaveterinaria.Consulta] is set to [FIELD].
[EL Config]: metadata: 2025-11-16 11:44:32.929--ServerSession(1188401255)--Thread(Thread[#3,main,5,main])--The target entity (reference) class for the many to one mapping element [field veterinario] is being defaulted to: class com.dsc.clinicaveterinaria.Veterinario.
[EL Config]: metadata: 2025-11-16 11:44:32.929--ServerSession(1188401255)--Thread(Thread[#3,main,5,main])--The target entity (reference) class for the one to many mapping element [field prescricoes] is being defaulted to: class com.dsc.clinicaveterinaria.Prescricao.
[EL Config]: metadata: 2025-11-16 11:44:32.93--ServerSession(1188401255)--Thread(Thread[#3,main,5,main])--The target entity (reference) class for the many to one mapping element [field animal] is being defaulted to: class com.dsc.clinicaveterinaria.Animal.
[EL Config]: metadata: 2025-11-16 11:44:32.931--ServerSession(1188401255)--Thread(Thread[#3,main,5,main])--The target entity (reference) class for the one to one mapping element [field pagamento] is being defaulted to: class com.dsc.clinicaveterinaria.Pagamento.
[EL Config]: metadata: 2025-11-16 11:44:32.932--ServerSession(1188401255)--Thread(Thread[#3,main,5,main])--The alias name for the entity class [class com.dsc.clinicaveterinaria.Prescricao] is being defaulted to: Prescricao.
[EL Config]: metadata: 2025-11-16 11:44:32.95--ServerSession(1188401255)--Thread(Thread[#3,main,5,main])--The alias name for the entity class [class com.dsc.clinicaveterinaria.Cachorro] is being defaulted to: Cachorro.
[EL Config]: metadata: 2025-11-16 11:44:32.951--ServerSession(1188401255)--Thread(Thread[#3,main,5,main])--The alias name for the entity class [class com.dsc.clinicaveterinaria.Animal] is being defaulted to: Animal.
[EL Config]: metadata: 2025-11-16 11:44:32.958--ServerSession(1188401255)--Thread(Thread[#3,main,5,main])--The primary key column name for the inheritance class [class com.dsc.clinicaveterinaria.Cachorro] is being defaulted to: ANI_ID.
[EL Config]: metadata: 2025-11-16 11:44:32.959--ServerSession(1188401255)--Thread(Thread[#3,main,5,main])--The alias name for the entity class [class com.dsc.clinicaveterinaria.Pagamento] is being defaulted to: Pagamento.
[EL Config]: metadata: 2025-11-16 11:44:32.961--ServerSession(1188401255)--Thread(Thread[#3,main,5,main])--The alias name for the entity class [class com.dsc.clinicaveterinaria.Veterinario] is being defaulted to: Veterinario.
[EL Config]: metadata: 2025-11-16 11:44:32.962--ServerSession(1188401255)--Thread(Thread[#3,main,5,main])--The alias name for the entity class [class com.dsc.clinicaveterinaria.Cliente] is being defaulted to: Cliente.
[EL Config]: metadata: 2025-11-16 11:44:32.963--ServerSession(1188401255)--Thread(Thread[#3,main,5,main])--The alias name for the entity class [class com.dsc.clinicaveterinaria.Gato] is being defaulted to: Gato.
[EL Config]: metadata: 2025-11-16 11:44:32.964--ServerSession(1188401255)--Thread(Thread[#3,main,5,main])--The primary key column name for the inheritance class [class com.dsc.clinicaveterinaria.Gato] is being defaulted to: ANI_ID.
[EL Config]: metadata: 2025-11-16 11:44:32.965--ServerSession(1188401255)--Thread(Thread[#3,main,5,main])--The alias name for the entity class [class com.dsc.clinicaveterinaria.Consulta] is being defaulted to: Consulta.
[EL Config]: metadata: 2025-11-16 11:44:32.979--ServerSession(1188401255)--Thread(Thread[#3,main,5,main])--The primary key column name for the mapping element [field consulta] is being defaulted to: CON_ID.
[EL Config]: metadata: 2025-11-16 11:44:32.98--ServerSession(1188401255)--Thread(Thread[#3,main,5,main])--The primary key column name for the mapping element [field cliente] is being defaulted to: CLI_ID.
[EL Config]: metadata: 2025-11-16 11:44:32.98--ServerSession(1188401255)--Thread(Thread[#3,main,5,main])--The primary key column name for the mapping element [field consulta] is being defaulted to: CON_ID.
[EL Config]: metadata: 2025-11-16 11:44:32.981--ServerSession(1188401255)--Thread(Thread[#3,main,5,main])--The primary key column name for the mapping element [field veterinario] is being defaulted to: VET_ID.
[EL Config]: metadata: 2025-11-16 11:44:32.982--ServerSession(1188401255)--Thread(Thread[#3,main,5,main])--The primary key column name for the mapping element [field animal] is being defaulted to: ANI_ID.
[EL Info]: 2025-11-16 11:44:33.17--ServerSession(1188401255)--Thread(Thread[#3,main,5,main])--EclipseLink, version: Eclipse Persistence Services - 4.0.4.v202407190748-059428cdd2583c46f1f3e50d235854840a6fa9a7
[EL Fine]: connection: 2025-11-16 11:44:33.177--ServerSession(1188401255)--Connection(93054696)--Thread(Thread[#3,main,5,main])--connecting(DatabaseLogin(
	platform=>DerbyPlatform
	user name=> "root"
	datasource URL=> "jdbc:derby://localhost:1527/clinicaveterinariaDB"
))
[EL Config]: connection: 2025-11-16 11:44:33.33--ServerSession(1188401255)--Connection(1570470538)--Thread(Thread[#3,main,5,main])--Connected: jdbc:derby://localhost:1527/clinicaveterinariaDB
	User: root
	Database: Apache Derby  Version: 10.16.1.1 - (1901046)
	Driver: Apache Derby Network Client JDBC Driver  Version: 10.16.1.1 - (1901046)
[EL Fine]: connection: 2025-11-16 11:44:33.391--ServerSession(1188401255)--Thread(Thread[#3,main,5,main])--/file:/home/marcelo/Downloads/ClinicaVeterinaria/target/classes/_clinicaveterinariaDB login successful
[EL Fine]: sql: 2025-11-16 11:44:33.411--ServerSession(1188401255)--Connection(1570470538)--Thread(Thread[#3,main,5,main])--ALTER TABLE ANIMAL DROP CONSTRAINT FK_ANIMAL_CLI_ID
[EL Fine]: sql: 2025-11-16 11:44:33.611--ServerSession(1188401255)--Connection(1570470538)--Thread(Thread[#3,main,5,main])--ALTER TABLE CACHORRO DROP CONSTRAINT FK_CACHORRO_ANI_ID
[EL Fine]: sql: 2025-11-16 11:44:33.621--ServerSession(1188401255)--Connection(1570470538)--Thread(Thread[#3,main,5,main])--ALTER TABLE GATO DROP CONSTRAINT FK_GATO_ANI_ID
[EL Fine]: sql: 2025-11-16 11:44:33.632--ServerSession(1188401255)--Connection(1570470538)--Thread(Thread[#3,main,5,main])--ALTER TABLE CONSULTA DROP CONSTRAINT FK_CONSULTA_VET_ID
[EL Fine]: sql: 2025-11-16 11:44:33.732--ServerSession(1188401255)--Connection(1570470538)--Thread(Thread[#3,main,5,main])--ALTER TABLE CONSULTA DROP CONSTRAINT FK_CONSULTA_ANI_ID
[EL Fine]: sql: 2025-11-16 11:44:33.843--ServerSession(1188401255)--Connection(1570470538)--Thread(Thread[#3,main,5,main])--ALTER TABLE PRESCRICAO DROP CONSTRAINT PRESCRICAO_CON_ID
[EL Fine]: sql: 2025-11-16 11:44:33.953--ServerSession(1188401255)--Connection(1570470538)--Thread(Thread[#3,main,5,main])--ALTER TABLE PAGAMENTO DROP CONSTRAINT PAGAMENTO_CON_ID
[EL Fine]: sql: 2025-11-16 11:44:33.965--ServerSession(1188401255)--Connection(1570470538)--Thread(Thread[#3,main,5,main])--DROP TABLE CLIENTE
[EL Fine]: sql: 2025-11-16 11:44:34.23--ServerSession(1188401255)--Connection(1570470538)--Thread(Thread[#3,main,5,main])--DROP TABLE ANIMAL
[EL Fine]: sql: 2025-11-16 11:44:34.419--ServerSession(1188401255)--Connection(1570470538)--Thread(Thread[#3,main,5,main])--DROP TABLE CACHORRO
[EL Fine]: sql: 2025-11-16 11:44:34.629--ServerSession(1188401255)--Connection(1570470538)--Thread(Thread[#3,main,5,main])--DROP TABLE GATO
[EL Fine]: sql: 2025-11-16 11:44:34.85--ServerSession(1188401255)--Connection(1570470538)--Thread(Thread[#3,main,5,main])--DROP TABLE VETERINARIO
[EL Fine]: sql: 2025-11-16 11:44:35.161--ServerSession(1188401255)--Connection(1570470538)--Thread(Thread[#3,main,5,main])--DROP TABLE CONSULTA
[EL Fine]: sql: 2025-11-16 11:44:35.36--ServerSession(1188401255)--Connection(1570470538)--Thread(Thread[#3,main,5,main])--DROP TABLE PRESCRICAO
[EL Fine]: sql: 2025-11-16 11:44:35.559--ServerSession(1188401255)--Connection(1570470538)--Thread(Thread[#3,main,5,main])--DROP TABLE PAGAMENTO
[EL Fine]: sql: 2025-11-16 11:44:35.903--ServerSession(1188401255)--Connection(1570470538)--Thread(Thread[#3,main,5,main])--CREATE TABLE CLIENTE (CLI_ID BIGINT GENERATED BY DEFAULT AS IDENTITY NOT NULL, CLI_CPF VARCHAR(14) NOT NULL UNIQUE, CLI_EMAIL VARCHAR(100), CLI_ENDERECO VARCHAR(255) NOT NULL, CLI_NOME VARCHAR(100) NOT NULL, CLI_TELEFONE VARCHAR(20) NOT NULL, PRIMARY KEY (CLI_ID))
[EL Fine]: sql: 2025-11-16 11:44:36.336--ServerSession(1188401255)--Connection(1570470538)--Thread(Thread[#3,main,5,main])--CREATE TABLE ANIMAL (ANI_ID BIGINT GENERATED BY DEFAULT AS IDENTITY NOT NULL, tipo_animal VARCHAR(31), ANI_DT_NASCIMENTO DATE NOT NULL, ANI_ESPECIE VARCHAR(50) NOT NULL, ANI_NOME VARCHAR(100) NOT NULL, ANI_RACA VARCHAR(50) NOT NULL, ANI_SEXO CHAR(1) NOT NULL, CLI_ID BIGINT NOT NULL, PRIMARY KEY (ANI_ID))
[EL Fine]: sql: 2025-11-16 11:44:36.601--ServerSession(1188401255)--Connection(1570470538)--Thread(Thread[#3,main,5,main])--CREATE TABLE CACHORRO (ANI_ID BIGINT NOT NULL, PRIMARY KEY (ANI_ID))
[EL Fine]: sql: 2025-11-16 11:44:36.888--ServerSession(1188401255)--Connection(1570470538)--Thread(Thread[#3,main,5,main])--CREATE TABLE GATO (ANI_ID BIGINT NOT NULL, PRIMARY KEY (ANI_ID))
[EL Fine]: sql: 2025-11-16 11:44:37.187--ServerSession(1188401255)--Connection(1570470538)--Thread(Thread[#3,main,5,main])--CREATE TABLE VETERINARIO (VET_ID BIGINT GENERATED BY DEFAULT AS IDENTITY NOT NULL, VET_CRMV VARCHAR(15) NOT NULL UNIQUE, VET_EMAIL VARCHAR(100), VET_ESPECIALIDADE VARCHAR(50) NOT NULL, VET_NOME VARCHAR(150) NOT NULL, VET_TELEFONE VARCHAR(15), PRIMARY KEY (VET_ID))
[EL Fine]: sql: 2025-11-16 11:44:37.608--ServerSession(1188401255)--Connection(1570470538)--Thread(Thread[#3,main,5,main])--CREATE TABLE CONSULTA (CON_ID BIGINT GENERATED BY DEFAULT AS IDENTITY NOT NULL, CON_DT_CONSULTA TIMESTAMP NOT NULL, CON_DIAGNOSTICO VARCHAR(1000), CON_MOTIVO VARCHAR(255) NOT NULL, ANI_ID BIGINT NOT NULL, VET_ID BIGINT NOT NULL, PRIMARY KEY (CON_ID))
[EL Fine]: sql: 2025-11-16 11:44:37.886--ServerSession(1188401255)--Connection(1570470538)--Thread(Thread[#3,main,5,main])--CREATE TABLE PRESCRICAO (PRE_ID BIGINT GENERATED BY DEFAULT AS IDENTITY NOT NULL, PRE_DOSAGEM VARCHAR(50) NOT NULL, PRE_DURACAO VARCHAR(50) NOT NULL, PRE_FREQUENCIA VARCHAR(50) NOT NULL, PRE_MEDICAMENTO VARCHAR(100) NOT NULL, CON_ID BIGINT NOT NULL, PRIMARY KEY (PRE_ID))
[EL Fine]: sql: 2025-11-16 11:44:38.153--ServerSession(1188401255)--Connection(1570470538)--Thread(Thread[#3,main,5,main])--CREATE TABLE PAGAMENTO (PAG_ID BIGINT GENERATED BY DEFAULT AS IDENTITY NOT NULL, PAG_DT_PAGAMENTO TIMESTAMP NOT NULL, PAG_METODO VARCHAR(50) NOT NULL, PAG_VALOR_TOTAL FLOAT NOT NULL, CON_ID BIGINT NOT NULL UNIQUE, PRIMARY KEY (PAG_ID))
[EL Fine]: sql: 2025-11-16 11:44:38.583--ServerSession(1188401255)--Connection(1570470538)--Thread(Thread[#3,main,5,main])--ALTER TABLE ANIMAL ADD CONSTRAINT FK_ANIMAL_CLI_ID FOREIGN KEY (CLI_ID) REFERENCES CLIENTE (CLI_ID)
[EL Fine]: sql: 2025-11-16 11:44:38.76--ServerSession(1188401255)--Connection(1570470538)--Thread(Thread[#3,main,5,main])--ALTER TABLE CACHORRO ADD CONSTRAINT FK_CACHORRO_ANI_ID FOREIGN KEY (ANI_ID) REFERENCES ANIMAL (ANI_ID)
[EL Fine]: sql: 2025-11-16 11:44:38.782--ServerSession(1188401255)--Connection(1570470538)--Thread(Thread[#3,main,5,main])--ALTER TABLE GATO ADD CONSTRAINT FK_GATO_ANI_ID FOREIGN KEY (ANI_ID) REFERENCES ANIMAL (ANI_ID)
[EL Fine]: sql: 2025-11-16 11:44:38.804--ServerSession(1188401255)--Connection(1570470538)--Thread(Thread[#3,main,5,main])--ALTER TABLE CONSULTA ADD CONSTRAINT FK_CONSULTA_VET_ID FOREIGN KEY (VET_ID) REFERENCES VETERINARIO (VET_ID)
[EL Fine]: sql: 2025-11-16 11:44:38.993--ServerSession(1188401255)--Connection(1570470538)--Thread(Thread[#3,main,5,main])--ALTER TABLE CONSULTA ADD CONSTRAINT FK_CONSULTA_ANI_ID FOREIGN KEY (ANI_ID) REFERENCES ANIMAL (ANI_ID)
[EL Fine]: sql: 2025-11-16 11:44:39.181--ServerSession(1188401255)--Connection(1570470538)--Thread(Thread[#3,main,5,main])--ALTER TABLE PRESCRICAO ADD CONSTRAINT PRESCRICAO_CON_ID FOREIGN KEY (CON_ID) REFERENCES CONSULTA (CON_ID)
[EL Fine]: sql: 2025-11-16 11:44:39.38--ServerSession(1188401255)--Connection(1570470538)--Thread(Thread[#3,main,5,main])--ALTER TABLE PAGAMENTO ADD CONSTRAINT PAGAMENTO_CON_ID FOREIGN KEY (CON_ID) REFERENCES CONSULTA (CON_ID)
[EL Fine]: sql: 2025-11-16 11:44:39.926--ServerSession(1188401255)--Connection(1570470538)--Thread(Thread[#3,main,5,main])--SELECT PAG_ID, PAG_DT_PAGAMENTO, PAG_METODO, PAG_VALOR_TOTAL, CON_ID FROM PAGAMENTO WHERE (PAG_ID = ?)
	bind => [1]
[EL Fine]: sql: 2025-11-16 11:44:39.968--ServerSession(1188401255)--Connection(1570470538)--Thread(Thread[#3,main,5,main])--SELECT CON_ID, CON_DT_CONSULTA, CON_DIAGNOSTICO, CON_MOTIVO, ANI_ID, VET_ID FROM CONSULTA WHERE (CON_ID = ?)
	bind => [1]
[EL Fine]: sql: 2025-11-16 11:44:39.978--ServerSession(1188401255)--Connection(1570470538)--Thread(Thread[#3,main,5,main])--SELECT DISTINCT tipo_animal FROM ANIMAL WHERE (ANI_ID = ?)
	bind => [1]
[EL Fine]: sql: 2025-11-16 11:44:39.985--ServerSession(1188401255)--Connection(1570470538)--Thread(Thread[#3,main,5,main])--SELECT t0.ANI_ID, t0.tipo_animal, t0.ANI_DT_NASCIMENTO, t0.ANI_ESPECIE, t0.ANI_NOME, t0.ANI_RACA, t0.ANI_SEXO, t0.CLI_ID, t1.ANI_ID FROM ANIMAL t0, GATO t1 WHERE ((t0.ANI_ID = ?) AND ((t1.ANI_ID = t0.ANI_ID) AND (t0.tipo_animal = ?)))
	bind => [1, GATO]
[EL Fine]: sql: 2025-11-16 11:44:40.004--ServerSession(1188401255)--Connection(1570470538)--Thread(Thread[#3,main,5,main])--SELECT CLI_ID, CLI_CPF, CLI_EMAIL, CLI_ENDERECO, CLI_NOME, CLI_TELEFONE FROM CLIENTE WHERE (CLI_ID = ?)
	bind => [1]
[EL Fine]: sql: 2025-11-16 11:44:40.012--ServerSession(1188401255)--Connection(1570470538)--Thread(Thread[#3,main,5,main])--SELECT DISTINCT tipo_animal FROM ANIMAL WHERE (CLI_ID = ?)
	bind => [1]
[EL Fine]: sql: 2025-11-16 11:44:40.019--ServerSession(1188401255)--Connection(1570470538)--Thread(Thread[#3,main,5,main])--SELECT t0.ANI_ID, t0.tipo_animal, t0.ANI_DT_NASCIMENTO, t0.ANI_ESPECIE, t0.ANI_NOME, t0.ANI_RACA, t0.ANI_SEXO, t0.CLI_ID, t1.ANI_ID FROM ANIMAL t0, CACHORRO t1 WHERE ((t0.CLI_ID = ?) AND ((t1.ANI_ID = t0.ANI_ID) AND (t0.tipo_animal = ?)))
	bind => [1, CACHORRO]
[EL Fine]: sql: 2025-11-16 11:44:40.03--ServerSession(1188401255)--Connection(1570470538)--Thread(Thread[#3,main,5,main])--SELECT t0.ANI_ID, t0.tipo_animal, t0.ANI_DT_NASCIMENTO, t0.ANI_ESPECIE, t0.ANI_NOME, t0.ANI_RACA, t0.ANI_SEXO, t0.CLI_ID, t1.ANI_ID FROM ANIMAL t0, GATO t1 WHERE ((t0.CLI_ID = ?) AND ((t1.ANI_ID = t0.ANI_ID) AND (t0.tipo_animal = ?)))
	bind => [1, GATO]
[EL Fine]: sql: 2025-11-16 11:44:40.047--ServerSession(1188401255)--Connection(1570470538)--Thread(Thread[#3,main,5,main])--SELECT VET_ID, VET_CRMV, VET_EMAIL, VET_ESPECIALIDADE, VET_NOME, VET_TELEFONE FROM VETERINARIO WHERE (VET_ID = ?)
	bind => [1]
[EL Fine]: sql: 2025-11-16 11:44:40.06--ServerSession(1188401255)--Connection(1570470538)--Thread(Thread[#3,main,5,main])--SELECT PAG_ID, PAG_DT_PAGAMENTO, PAG_METODO, PAG_VALOR_TOTAL, CON_ID FROM PAGAMENTO WHERE (CON_ID = ?)
	bind => [1]
]]></system-out>
    <system-err><![CDATA[SLF4J: Failed to load class "org.slf4j.impl.StaticLoggerBinder".
SLF4J: Defaulting to no-operation (NOP) logger implementation
SLF4J: See http://www.slf4j.org/codes.html#StaticLoggerBinder for further details.
]]></system-err>
  </testcase>
  <testcase name="testPagamentoRelacionamentoConsulta" classname="com.dsc.clinicaveterinaria.PagamentoTest" time="0.008"/>
  <testcase name="testPagamentoValoresDiferentes" classname="com.dsc.clinicaveterinaria.PagamentoTest" time="0.056">
    <system-out><![CDATA[[EL Fine]: sql: 2025-11-16 11:44:40.128--ServerSession(1188401255)--Connection(1570470538)--Thread(Thread[#3,main,5,main])--SELECT PAG_ID, PAG_DT_PAGAMENTO, PAG_METODO, PAG_VALOR_TOTAL, CON_ID FROM PAGAMENTO WHERE (PAG_ID = ?)
	bind => [2]
[EL Fine]: sql: 2025-11-16 11:44:40.131--ServerSession(1188401255)--Connection(1570470538)--Thread(Thread[#3,main,5,main])--SELECT CON_ID, CON_DT_CONSULTA, CON_DIAGNOSTICO, CON_MOTIVO, ANI_ID, VET_ID FROM CONSULTA WHERE (CON_ID = ?)
	bind => [2]
[EL Fine]: sql: 2025-11-16 11:44:40.135--ServerSession(1188401255)--Connection(1570470538)--Thread(Thread[#3,main,5,main])--SELECT PAG_ID, PAG_DT_PAGAMENTO, PAG_METODO, PAG_VALOR_TOTAL, CON_ID FROM PAGAMENTO WHERE (CON_ID = ?)
	bind => [2]
[EL Fine]: sql: 2025-11-16 11:44:40.141--ServerSession(1188401255)--Connection(1570470538)--Thread(Thread[#3,main,5,main])--SELECT PAG_ID, PAG_DT_PAGAMENTO, PAG_METODO, PAG_VALOR_TOTAL, CON_ID FROM PAGAMENTO WHERE (PAG_ID = ?)
	bind => [3]
[EL Fine]: sql: 2025-11-16 11:44:40.144--ServerSession(1188401255)--Connection(1570470538)--Thread(Thread[#3,main,5,main])--SELECT CON_ID, CON_DT_CONSULTA, CON_DIAGNOSTICO, CON_MOTIVO, ANI_ID, VET_ID FROM CONSULTA WHERE (CON_ID = ?)
	bind => [3]
[EL Fine]: sql: 2025-11-16 11:44:40.15--ServerSession(1188401255)--Connection(1570470538)--Thread(Thread[#3,main,5,main])--SELECT DISTINCT tipo_animal FROM ANIMAL WHERE (ANI_ID = ?)
	bind => [3]
[EL Fine]: sql: 2025-11-16 11:44:40.152--ServerSession(1188401255)--Connection(1570470538)--Thread(Thread[#3,main,5,main])--SELECT t0.ANI_ID, t0.tipo_animal, t0.ANI_DT_NASCIMENTO, t0.ANI_ESPECIE, t0.ANI_NOME, t0.ANI_RACA, t0.ANI_SEXO, t0.CLI_ID, t1.ANI_ID FROM ANIMAL t0, GATO t1 WHERE ((t0.ANI_ID = ?) AND ((t1.ANI_ID = t0.ANI_ID) AND (t0.tipo_animal = ?)))
	bind => [3, GATO]
[EL Fine]: sql: 2025-11-16 11:44:40.158--ServerSession(1188401255)--Connection(1570470538)--Thread(Thread[#3,main,5,main])--SELECT CLI_ID, CLI_CPF, CLI_EMAIL, CLI_ENDERECO, CLI_NOME, CLI_TELEFONE FROM CLIENTE WHERE (CLI_ID = ?)
	bind => [2]
[EL Fine]: sql: 2025-11-16 11:44:40.161--ServerSession(1188401255)--Connection(1570470538)--Thread(Thread[#3,main,5,main])--SELECT DISTINCT tipo_animal FROM ANIMAL WHERE (CLI_ID = ?)
	bind => [2]
[EL Fine]: sql: 2025-11-16 11:44:40.166--ServerSession(1188401255)--Connection(1570470538)--Thread(Thread[#3,main,5,main])--SELECT t0.ANI_ID, t0.tipo_animal, t0.ANI_DT_NASCIMENTO, t0.ANI_ESPECIE, t0.ANI_NOME, t0.ANI_RACA, t0.ANI_SEXO, t0.CLI_ID, t1.ANI_ID FROM ANIMAL t0, GATO t1 WHERE ((t0.CLI_ID = ?) AND ((t1.ANI_ID = t0.ANI_ID) AND (t0.tipo_animal = ?)))
	bind => [2, GATO]
[EL Fine]: sql: 2025-11-16 11:44:40.17--ServerSession(1188401255)--Connection(1570470538)--Thread(Thread[#3,main,5,main])--SELECT VET_ID, VET_CRMV, VET_EMAIL, VET_ESPECIALIDADE, VET_NOME, VET_TELEFONE FROM VETERINARIO WHERE (VET_ID = ?)
	bind => [2]
[EL Fine]: sql: 2025-11-16 11:44:40.174--ServerSession(1188401255)--Connection(1570470538)--Thread(Thread[#3,main,5,main])--SELECT PAG_ID, PAG_DT_PAGAMENTO, PAG_METODO, PAG_VALOR_TOTAL, CON_ID FROM PAGAMENTO WHERE (CON_ID = ?)
	bind => [3]
]]></system-out>
  </testcase>
</testsuite>